[debug] [2024-07-24T04:29:13.304Z] ----------------------------------------------------------------------
[debug] [2024-07-24T04:29:13.306Z] Command:       C:\Program Files (x86)\nodejs\node.exe C:\Users\82109\AppData\Roaming\npm\node_modules\firebase-tools\lib\bin\firebase.js init firestore
[debug] [2024-07-24T04:29:13.306Z] CLI Version:   13.14.0
[debug] [2024-07-24T04:29:13.307Z] Platform:      win32
[debug] [2024-07-24T04:29:13.307Z] Node Version:  v18.17.1
[debug] [2024-07-24T04:29:13.311Z] Time:          Wed Jul 24 2024 13:29:13 GMT+0900 (대한민국 표준시)
[debug] [2024-07-24T04:29:13.311Z] ----------------------------------------------------------------------
[debug] 
[debug] [2024-07-24T04:29:13.325Z] > command requires scopes: ["email","openid","https://www.googleapis.com/auth/cloudplatformprojects.readonly","https://www.googleapis.com/auth/firebase","https://www.googleapis.com/auth/cloud-platform"]
[debug] [2024-07-24T04:29:13.326Z] > authorizing via signed-in user (dlawltn0708@gmail.com)
[info] 
     ######## #### ########  ######## ########     ###     ######  ########
     ##        ##  ##     ## ##       ##     ##  ##   ##  ##       ##
     ######    ##  ########  ######   ########  #########  ######  ######
     ##        ##  ##    ##  ##       ##     ## ##     ##       ## ##
     ##       #### ##     ## ######## ########  ##     ##  ######  ########

You're about to initialize a Firebase project in this directory:

  C:\Users\82109\OneDrive\바탕 화면\이브와\cloning

[info] 
=== Project Setup
[info] 
[info] First, let's associate this project directory with a Firebase project.
[info] You can create multiple project aliases by running firebase use --add, 
[info] but for now we'll just set up a default project.
[info] 
[debug] [2024-07-24T04:30:10.070Z] Using project from CLI flag: cloning-195cf
[debug] [2024-07-24T04:30:10.072Z] > refreshing access token with scopes: []
[debug] [2024-07-24T04:30:10.074Z] >>> [apiv2][query] POST https://www.googleapis.com/oauth2/v3/token [none]
[debug] [2024-07-24T04:30:10.074Z] >>> [apiv2][body] POST https://www.googleapis.com/oauth2/v3/token [omitted]
[debug] [2024-07-24T04:30:10.465Z] <<< [apiv2][status] POST https://www.googleapis.com/oauth2/v3/token 400
[debug] [2024-07-24T04:30:10.466Z] <<< [apiv2][body] POST https://www.googleapis.com/oauth2/v3/token [omitted]
[debug] [2024-07-24T04:30:10.466Z] >>> [apiv2][query] GET https://firebase.googleapis.com/v1beta1/projects/cloning-195cf [none]
[debug] [2024-07-24T04:30:10.948Z] <<< [apiv2][status] GET https://firebase.googleapis.com/v1beta1/projects/cloning-195cf 401
[debug] [2024-07-24T04:30:10.948Z] <<< [apiv2][body] GET https://firebase.googleapis.com/v1beta1/projects/cloning-195cf {"error":{"code":401,"message":"Request had invalid authentication credentials. Expected OAuth 2 access token, login cookie or other valid authentication credential. See https://developers.google.com/identity/sign-in/web/devconsole-project.","status":"UNAUTHENTICATED"}}
[debug] [2024-07-24T04:30:10.949Z] HTTP Error: 401, Request had invalid authentication credentials. Expected OAuth 2 access token, login cookie or other valid authentication credential. See https://developers.google.com/identity/sign-in/web/devconsole-project.
[debug] [2024-07-24T04:30:11.891Z] FirebaseError: HTTP Error: 401, Request had invalid authentication credentials. Expected OAuth 2 access token, login cookie or other valid authentication credential. See https://developers.google.com/identity/sign-in/web/devconsole-project.
    at responseToError (C:\Users\82109\AppData\Roaming\npm\node_modules\firebase-tools\lib\responseToError.js:49:12)
    at RetryOperation._fn (C:\Users\82109\AppData\Roaming\npm\node_modules\firebase-tools\lib\apiv2.js:305:77)
    at process.processTicksAndRejections (node:internal/process/task_queues:95:5)
[error] 
[error] Error: Failed to get Firebase project cloning-195cf. Please make sure the project exists and your account has permission to access it.
